c:\users\dplakosh\desktop\lg2024\lgcannondemocodedist\recontargetnew\recontargetnew\x64\debug\vc143.pdb
c:\users\dplakosh\desktop\lg2024\lgcannondemocodedist\recontargetnew\recontargetnew\x64\debug\vc143.idb
c:\users\dplakosh\desktop\lg2024\lgcannondemocodedist\recontargetnew\recontargetnew\x64\debug\recontargetnew.obj
c:\users\dplakosh\desktop\lg2024\lgcannondemocodedist\recontargetnew\recontargetnew\x64\debug\objectdetector.obj
c:\users\dplakosh\desktop\lg2024\lgcannondemocodedist\recontargetnew\recontargetnew\x64\debug\cvimagematch.obj
d:\00.swarchitect\02.cmuproject\02.project\lgcannondemocodedistv3.4\lgcannondemocodedist\recontargetnew\recontargetnew\x64\debug\vc143.pdb
d:\00.swarchitect\02.cmuproject\02.project\lgcannondemocodedistv3.4\lgcannondemocodedist\recontargetnew\recontargetnew\x64\debug\vc143.idb
d:\00.swarchitect\02.cmuproject\02.project\lgcannondemocodedistv3.4\lgcannondemocodedist\recontargetnew\recontargetnew\x64\debug\recontargetnew.obj
d:\00.swarchitect\02.cmuproject\02.project\lgcannondemocodedistv3.4\lgcannondemocodedist\recontargetnew\recontargetnew\x64\debug\objectdetector.obj
d:\00.swarchitect\02.cmuproject\02.project\lgcannondemocodedistv3.4\lgcannondemocodedist\recontargetnew\recontargetnew\x64\debug\cvimagematch.obj
c:\users\dplakosh\desktop\lg2024\lgcannondemocodedist\recontargetnew\recontargetnew\x64\debug\recontargetnew.ilk
c:\users\dplakosh\desktop\lg2024\lgcannondemocodedist\recontargetnew\x64\debug\recontargetnew.exe
c:\users\dplakosh\desktop\lg2024\lgcannondemocodedist\recontargetnew\x64\debug\recontargetnew.pdb
d:\00.swarchitect\02.cmuproject\02.project\lgcannondemocodedistv3.4\lgcannondemocodedist\recontargetnew\recontargetnew\x64\debug\recontargetnew.tlog\cl.command.1.tlog
d:\00.swarchitect\02.cmuproject\02.project\lgcannondemocodedistv3.4\lgcannondemocodedist\recontargetnew\recontargetnew\x64\debug\recontargetnew.tlog\cl.items.tlog
d:\00.swarchitect\02.cmuproject\02.project\lgcannondemocodedistv3.4\lgcannondemocodedist\recontargetnew\recontargetnew\x64\debug\recontargetnew.tlog\cl.read.1.tlog
d:\00.swarchitect\02.cmuproject\02.project\lgcannondemocodedistv3.4\lgcannondemocodedist\recontargetnew\recontargetnew\x64\debug\recontargetnew.tlog\cl.write.1.tlog
d:\00.swarchitect\02.cmuproject\02.project\lgcannondemocodedistv3.4\lgcannondemocodedist\recontargetnew\recontargetnew\x64\debug\recontargetnew.tlog\link.command.1.tlog
d:\00.swarchitect\02.cmuproject\02.project\lgcannondemocodedistv3.4\lgcannondemocodedist\recontargetnew\recontargetnew\x64\debug\recontargetnew.tlog\link.read.1.tlog
d:\00.swarchitect\02.cmuproject\02.project\lgcannondemocodedistv3.4\lgcannondemocodedist\recontargetnew\recontargetnew\x64\debug\recontargetnew.tlog\link.write.1.tlog
